Copyright 1986-2020 Xilinx, Inc. All Rights Reserved.
--------------------------------------------------------------------------------------
| Tool Version : Vivado v.2020.1.1 (win64) Build 2960000 Wed Aug  5 22:57:20 MDT 2020
| Date         : Tue Nov  3 21:39:47 2020
| Host         : Caydens-Razer-Blade running 64-bit major release  (build 9200)
| Command      : report_control_sets -verbose -file au_top_0_control_sets_placed.rpt
| Design       : au_top_0
| Device       : xc7a35t
--------------------------------------------------------------------------------------

Control Set Information

Table of Contents
-----------------
1. Summary
2. Histogram
3. Flip-Flop Distribution
4. Detailed Control Set Information

1. Summary
----------

+----------------------------------------------------------+-------+
|                          Status                          | Count |
+----------------------------------------------------------+-------+
| Total control sets                                       |     5 |
|    Minimum number of control sets                        |     5 |
|    Addition due to synthesis replication                 |     0 |
|    Addition due to physical synthesis replication        |     0 |
| Unused register locations in slices containing registers |    10 |
+----------------------------------------------------------+-------+
* Control sets can be merged at opt_design using control_set_merge or merge_equivalent_drivers
** Run report_qor_suggestions for automated merging and remapping suggestions


2. Histogram
------------

+--------------------+-------+
|       Fanout       | Count |
+--------------------+-------+
| Total control sets |     5 |
| >= 0 to < 4        |     0 |
| >= 4 to < 6        |     0 |
| >= 6 to < 8        |     1 |
| >= 8 to < 10       |     0 |
| >= 10 to < 12      |     0 |
| >= 12 to < 14      |     0 |
| >= 14 to < 16      |     0 |
| >= 16              |     4 |
+--------------------+-------+
* Control sets can be remapped at either synth_design or opt_design


3. Flip-Flop Distribution
-------------------------

+--------------+-----------------------+------------------------+-----------------+--------------+
| Clock Enable | Synchronous Set/Reset | Asynchronous Set/Reset | Total Registers | Total Slices |
+--------------+-----------------------+------------------------+-----------------+--------------+
| No           | No                    | No                     |               6 |            5 |
| No           | No                    | Yes                    |               0 |            0 |
| No           | Yes                   | No                     |               0 |            0 |
| Yes          | No                    | No                     |               0 |            0 |
| Yes          | No                    | Yes                    |               0 |            0 |
| Yes          | Yes                   | No                     |              72 |           23 |
+--------------+-----------------------+------------------------+-----------------+--------------+


4. Detailed Control Set Information
-----------------------------------

+----------------+------------------------------------------------+-------------------------------------------------+------------------+----------------+--------------+
|  Clock Signal  |                  Enable Signal                 |                 Set/Reset Signal                | Slice Load Count | Bel Load Count | Bels / Slice |
+----------------+------------------------------------------------+-------------------------------------------------+------------------+----------------+--------------+
|  clk_IBUF_BUFG |                                                |                                                 |                5 |              6 |         1.20 |
|  clk_IBUF_BUFG | valuestorer/conditionerA/E[0]                  | io_button_IBUF[2]                               |                8 |             16 |         2.00 |
|  clk_IBUF_BUFG | valuestorer/conditionerB/E[0]                  | io_button_IBUF[2]                               |                5 |             16 |         3.20 |
|  clk_IBUF_BUFG | valuestorer/conditionerA/sel                   | valuestorer/conditionerA/sync/clear             |                5 |             20 |         4.00 |
|  clk_IBUF_BUFG | valuestorer/conditionerB/M_ctr_q[0]_i_2__0_n_0 | valuestorer/conditionerB/sync/M_pipe_q_reg[1]_0 |                5 |             20 |         4.00 |
+----------------+------------------------------------------------+-------------------------------------------------+------------------+----------------+--------------+


